#
# There is insufficient memory for the Java Runtime Environment to continue.
# Native memory allocation (mmap) failed to map 65536 bytes. Error detail: Failed to commit metaspace.
# Possible reasons:
#   The system is out of physical RAM or swap space
#   This process is running with CompressedOops enabled, and the Java Heap may be blocking the growth of the native heap
# Possible solutions:
#   Reduce memory load on the system
#   Increase physical memory or swap space
#   Check if swap backing store is full
#   Decrease Java heap size (-Xmx/-Xms)
#   Decrease number of Java threads
#   Decrease Java thread stack sizes (-Xss)
#   Set larger code cache with -XX:ReservedCodeCacheSize=
#   JVM is running with Unscaled Compressed Oops mode in which the Java heap is
#     placed in the first 4GB address space. The Java Heap base address is the
#     maximum limit for the native heap growth. Please use -XX:HeapBaseMinAddress
#     to set the Java Heap base and to place the Java Heap above 4GB virtual address.
# This output file may be truncated or incomplete.
#
#  Out of Memory Error (virtualSpaceNode.cpp:110), pid=5608, tid=26152
#
# JRE version: OpenJDK Runtime Environment Microsoft-11369865 (17.0.15+6) (build 17.0.15+6-LTS)
# Java VM: OpenJDK 64-Bit Server VM Microsoft-11369865 (17.0.15+6-LTS, mixed mode, tiered, compressed oops, compressed class ptrs, g1 gc, windows-amd64)
# No core dump will be written. Minidumps are not enabled by default on client versions of Windows
#

---------------  S U M M A R Y ------------

Command Line: -Xmx64m -Xms64m -Dorg.gradle.appname=gradlew C:\Users\devan\Desktop\ClassStore\ClassStoreApp\android\\gradle\wrapper\gradle-wrapper.jar clean

Host: 12th Gen Intel(R) Core(TM) i5-1240P, 16 cores, 15G,  Windows 11 , 64 bit Build 26100 (10.0.26100.4768)
Time: Sat Aug 16 15:06:06 2025 India Standard Time elapsed time: 0.218453 seconds (0d 0h 0m 0s)

---------------  T H R E A D  ---------------

Current thread (0x000001c2dabba7b0):  JavaThread "C1 CompilerThread0" daemon [_thread_in_vm, id=26152, stack(0x0000008326700000,0x0000008326800000)]


Current CompileTask:
C1:    218  176       3       java.lang.String::toUpperCase (29 bytes)

Stack: [0x0000008326700000,0x0000008326800000]
Native frames: (J=compiled Java code, j=interpreted, Vv=VM code, C=native code)
V  [jvm.dll+0x6887a9]
V  [jvm.dll+0x83f5a8]
V  [jvm.dll+0x841053]
V  [jvm.dll+0x8416c3]
V  [jvm.dll+0x2496ef]
V  [jvm.dll+0x83b35d]
V  [jvm.dll+0x62cb0e]
V  [jvm.dll+0x62cb7a]
V  [jvm.dll+0x62f3a3]
V  [jvm.dll+0x62d4b6]
V  [jvm.dll+0x63e97a]
V  [jvm.dll+0x6375fa]
V  [jvm.dll+0x1cd9e0]
V  [jvm.dll+0x1cdbd0]
V  [jvm.dll+0x1481a1]
V  [jvm.dll+0x147fe5]
V  [jvm.dll+0x13fc91]
V  [jvm.dll+0x141f2a]
V  [jvm.dll+0x140525]
V  [jvm.dll+0x13a633]
V  [jvm.dll+0x149c76]
V  [jvm.dll+0x135da5]
V  [jvm.dll+0x136120]
V  [jvm.dll+0x1363f8]
V  [jvm.dll+0x135861]
V  [jvm.dll+0x13755d]
V  [jvm.dll+0x22a39a]
V  [jvm.dll+0x2284db]
V  [jvm.dll+0x7f4e28]
V  [jvm.dll+0x7ef2dc]
V  [jvm.dll+0x687687]
C  [ucrtbase.dll+0x37b0]
C  [KERNEL32.DLL+0x2e8d7]
C  [ntdll.dll+0x3c34c]


---------------  P R O C E S S  ---------------

Threads class SMR info:
_java_thread_list=0x000001c2dad4a3d0, length=13, elements={
0x000001c2c0627060, 0x000001c2dab7d660, 0x000001c2dab80da0, 0x000001c2dabe2130,
0x000001c2dabe2af0, 0x000001c2dabe34b0, 0x000001c2dabb6a10, 0x000001c2dabb8da0,
0x000001c2dabba7b0, 0x000001c2dabbfa40, 0x000001c2dad3ae00, 0x000001c2dad47d80,
0x000001c2dad5ca00
}

Java Threads: ( => current thread )
  0x000001c2c0627060 JavaThread "main" [_thread_in_vm, id=2376, stack(0x0000008325900000,0x0000008325a00000)]
  0x000001c2dab7d660 JavaThread "Reference Handler" daemon [_thread_blocked, id=24416, stack(0x0000008326000000,0x0000008326100000)]
  0x000001c2dab80da0 JavaThread "Finalizer" daemon [_thread_blocked, id=23236, stack(0x0000008326100000,0x0000008326200000)]
  0x000001c2dabe2130 JavaThread "Signal Dispatcher" daemon [_thread_blocked, id=1596, stack(0x0000008326200000,0x0000008326300000)]
  0x000001c2dabe2af0 JavaThread "Attach Listener" daemon [_thread_blocked, id=2380, stack(0x0000008326300000,0x0000008326400000)]
  0x000001c2dabe34b0 JavaThread "Service Thread" daemon [_thread_blocked, id=28736, stack(0x0000008326400000,0x0000008326500000)]
  0x000001c2dabb6a10 JavaThread "Monitor Deflation Thread" daemon [_thread_blocked, id=23776, stack(0x0000008326500000,0x0000008326600000)]
  0x000001c2dabb8da0 JavaThread "C2 CompilerThread0" daemon [_thread_blocked, id=6588, stack(0x0000008326600000,0x0000008326700000)]
=>0x000001c2dabba7b0 JavaThread "C1 CompilerThread0" daemon [_thread_in_vm, id=26152, stack(0x0000008326700000,0x0000008326800000)]
  0x000001c2dabbfa40 JavaThread "Sweeper thread" daemon [_thread_blocked, id=30008, stack(0x0000008326800000,0x0000008326900000)]
  0x000001c2dad3ae00 JavaThread "C1 CompilerThread1" daemon [_thread_blocked, id=30052, stack(0x0000008326900000,0x0000008326a00000)]
  0x000001c2dad47d80 JavaThread "Notification Thread" daemon [_thread_blocked, id=30384, stack(0x0000008326a00000,0x0000008326b00000)]
  0x000001c2dad5ca00 JavaThread "Common-Cleaner" daemon [_thread_blocked, id=30224, stack(0x0000008326c00000,0x0000008326d00000)]

Other Threads:
  0x000001c2dab58690 VMThread "VM Thread" [stack: 0x0000008325f00000,0x0000008326000000] [id=19816]
  0x000001c2dad4c270 WatcherThread [stack: 0x0000008326b00000,0x0000008326c00000] [id=12884]
  0x000001c2c064a470 GCTaskThread "GC Thread#0" [stack: 0x0000008325a00000,0x0000008325b00000] [id=6152]
  0x000001c2c064bbc0 ConcurrentGCThread "G1 Main Marker" [stack: 0x0000008325b00000,0x0000008325c00000] [id=30420]
  0x000001c2c064e2c0 ConcurrentGCThread "G1 Conc#0" [stack: 0x0000008325c00000,0x0000008325d00000] [id=2076]
  0x000001c2c06cbe00 ConcurrentGCThread "G1 Refine#0" [stack: 0x0000008325d00000,0x0000008325e00000] [id=19056]
  0x000001c2c06cc6d0 ConcurrentGCThread "G1 Service" [stack: 0x0000008325e00000,0x0000008325f00000] [id=23780]

Threads with active compile tasks:
C1 CompilerThread0      241  176       3       java.lang.String::toUpperCase (29 bytes)
C1 CompilerThread1      242  177       3       java.util.Objects::nonNull (10 bytes)

VM state: not at safepoint (normal execution)

VM Mutex/Monitor currently owned by a thread:  ([mutex/lock_event])
[0x000001c2be3d2a90] Metaspace_lock - owner thread: 0x000001c2dabba7b0
[0x000001c2c0624d50] MethodData_lock - owner thread: 0x000001c2dabba7b0

Heap address: 0x00000000fc000000, size: 64 MB, Compressed Oops mode: 32-bit

CDS archive(s) not mapped
Compressed class space mapped at: 0x0000000100000000-0x0000000140000000, reserved size: 1073741824
Narrow klass base: 0x0000000000000000, Narrow klass shift: 3, Narrow klass range: 0x140000000

GC Precious Log:
 CPUs: 16 total, 16 available
 Memory: 16068M
 Large Page Support: Disabled
 NUMA Support: Disabled
 Compressed Oops: Enabled (32-bit)
 Heap Region Size: 1M
 Heap Min Capacity: 64M
 Heap Initial Capacity: 64M
 Heap Max Capacity: 64M
 Pre-touch: Disabled
 Parallel Workers: 13
 Concurrent Workers: 3
 Concurrent Refinement Workers: 13
 Periodic GC: Disabled

Heap:
 garbage-first heap   total 65536K, used 1024K [0x00000000fc000000, 0x0000000100000000)
  region size 1024K, 2 young (2048K), 0 survivors (0K)
 Metaspace       used 6440K, committed 6528K, reserved 1114112K
  class space    used 547K, committed 576K, reserved 1048576K

Heap Regions: E=young(eden), S=young(survivor), O=old, HS=humongous(starts), HC=humongous(continues), CS=collection set, F=free, OA=open archive, CA=closed archive, TAMS=top-at-mark-start (previous, next)
|   0|0x00000000fc000000, 0x00000000fc000000, 0x00000000fc100000|  0%| F|  |TAMS 0x00000000fc000000, 0x00000000fc000000| Untracked 
|   1|0x00000000fc100000, 0x00000000fc100000, 0x00000000fc200000|  0%| F|  |TAMS 0x00000000fc100000, 0x00000000fc100000| Untracked 
|   2|0x00000000fc200000, 0x00000000fc200000, 0x00000000fc300000|  0%| F|  |TAMS 0x00000000fc200000, 0x00000000fc200000| Untracked 
|   3|0x00000000fc300000, 0x00000000fc300000, 0x00000000fc400000|  0%| F|  |TAMS 0x00000000fc300000, 0x00000000fc300000| Untracked 
|   4|0x00000000fc400000, 0x00000000fc400000, 0x00000000fc500000|  0%| F|  |TAMS 0x00000000fc400000, 0x00000000fc400000| Untracked 
|   5|0x00000000fc500000, 0x00000000fc500000, 0x00000000fc600000|  0%| F|  |TAMS 0x00000000fc500000, 0x00000000fc500000| Untracked 
|   6|0x00000000fc600000, 0x00000000fc600000, 0x00000000fc700000|  0%| F|  |TAMS 0x00000000fc600000, 0x00000000fc600000| Untracked 
|   7|0x00000000fc700000, 0x00000000fc700000, 0x00000000fc800000|  0%| F|  |TAMS 0x00000000fc700000, 0x00000000fc700000| Untracked 
|   8|0x00000000fc800000, 0x00000000fc800000, 0x00000000fc900000|  0%| F|  |TAMS 0x00000000fc800000, 0x00000000fc800000| Untracked 
|   9|0x00000000fc900000, 0x00000000fc900000, 0x00000000fca00000|  0%| F|  |TAMS 0x00000000fc900000, 0x00000000fc900000| Untracked 
|  10|0x00000000fca00000, 0x00000000fca00000, 0x00000000fcb00000|  0%| F|  |TAMS 0x00000000fca00000, 0x00000000fca00000| Untracked 
|  11|0x00000000fcb00000, 0x00000000fcb00000, 0x00000000fcc00000|  0%| F|  |TAMS 0x00000000fcb00000, 0x00000000fcb00000| Untracked 
|  12|0x00000000fcc00000, 0x00000000fcc00000, 0x00000000fcd00000|  0%| F|  |TAMS 0x00000000fcc00000, 0x00000000fcc00000| Untracked 
|  13|0x00000000fcd00000, 0x00000000fcd00000, 0x00000000fce00000|  0%| F|  |TAMS 0x00000000fcd00000, 0x00000000fcd00000| Untracked 
|  14|0x00000000fce00000, 0x00000000fce00000, 0x00000000fcf00000|  0%| F|  |TAMS 0x00000000fce00000, 0x00000000fce00000| Untracked 
|  15|0x00000000fcf00000, 0x00000000fcf00000, 0x00000000fd000000|  0%| F|  |TAMS 0x00000000fcf00000, 0x00000000fcf00000| Untracked 
|  16|0x00000000fd000000, 0x00000000fd000000, 0x00000000fd100000|  0%| F|  |TAMS 0x00000000fd000000, 0x00000000fd000000| Untracked 
|  17|0x00000000fd100000, 0x00000000fd100000, 0x00000000fd200000|  0%| F|  |TAMS 0x00000000fd100000, 0x00000000fd100000| Untracked 
|  18|0x00000000fd200000, 0x00000000fd200000, 0x00000000fd300000|  0%| F|  |TAMS 0x00000000fd200000, 0x00000000fd200000| Untracked 
|  19|0x00000000fd300000, 0x00000000fd300000, 0x00000000fd400000|  0%| F|  |TAMS 0x00000000fd300000, 0x00000000fd300000| Untracked 
|  20|0x00000000fd400000, 0x00000000fd400000, 0x00000000fd500000|  0%| F|  |TAMS 0x00000000fd400000, 0x00000000fd400000| Untracked 
|  21|0x00000000fd500000, 0x00000000fd500000, 0x00000000fd600000|  0%| F|  |TAMS 0x00000000fd500000, 0x00000000fd500000| Untracked 
|  22|0x00000000fd600000, 0x00000000fd600000, 0x00000000fd700000|  0%| F|  |TAMS 0x00000000fd600000, 0x00000000fd600000| Untracked 
|  23|0x00000000fd700000, 0x00000000fd700000, 0x00000000fd800000|  0%| F|  |TAMS 0x00000000fd700000, 0x00000000fd700000| Untracked 
|  24|0x00000000fd800000, 0x00000000fd800000, 0x00000000fd900000|  0%| F|  |TAMS 0x00000000fd800000, 0x00000000fd800000| Untracked 
|  25|0x00000000fd900000, 0x00000000fd900000, 0x00000000fda00000|  0%| F|  |TAMS 0x00000000fd900000, 0x00000000fd900000| Untracked 
|  26|0x00000000fda00000, 0x00000000fda00000, 0x00000000fdb00000|  0%| F|  |TAMS 0x00000000fda00000, 0x00000000fda00000| Untracked 
|  27|0x00000000fdb00000, 0x00000000fdb00000, 0x00000000fdc00000|  0%| F|  |TAMS 0x00000000fdb00000, 0x00000000fdb00000| Untracked 
|  28|0x00000000fdc00000, 0x00000000fdc00000, 0x00000000fdd00000|  0%| F|  |TAMS 0x00000000fdc00000, 0x00000000fdc00000| Untracked 
|  29|0x00000000fdd00000, 0x00000000fdd00000, 0x00000000fde00000|  0%| F|  |TAMS 0x00000000fdd00000, 0x00000000fdd00000| Untracked 
|  30|0x00000000fde00000, 0x00000000fde00000, 0x00000000fdf00000|  0%| F|  |TAMS 0x00000000fde00000, 0x00000000fde00000| Untracked 
|  31|0x00000000fdf00000, 0x00000000fdf00000, 0x00000000fe000000|  0%| F|  |TAMS 0x00000000fdf00000, 0x00000000fdf00000| Untracked 
|  32|0x00000000fe000000, 0x00000000fe000000, 0x00000000fe100000|  0%| F|  |TAMS 0x00000000fe000000, 0x00000000fe000000| Untracked 
|  33|0x00000000fe100000, 0x00000000fe100000, 0x00000000fe200000|  0%| F|  |TAMS 0x00000000fe100000, 0x00000000fe100000| Untracked 
|  34|0x00000000fe200000, 0x00000000fe200000, 0x00000000fe300000|  0%| F|  |TAMS 0x00000000fe200000, 0x00000000fe200000| Untracked 
|  35|0x00000000fe300000, 0x00000000fe300000, 0x00000000fe400000|  0%| F|  |TAMS 0x00000000fe300000, 0x00000000fe300000| Untracked 
|  36|0x00000000fe400000, 0x00000000fe400000, 0x00000000fe500000|  0%| F|  |TAMS 0x00000000fe400000, 0x00000000fe400000| Untracked 
|  37|0x00000000fe500000, 0x00000000fe500000, 0x00000000fe600000|  0%| F|  |TAMS 0x00000000fe500000, 0x00000000fe500000| Untracked 
|  38|0x00000000fe600000, 0x00000000fe600000, 0x00000000fe700000|  0%| F|  |TAMS 0x00000000fe600000, 0x00000000fe600000| Untracked 
|  39|0x00000000fe700000, 0x00000000fe700000, 0x00000000fe800000|  0%| F|  |TAMS 0x00000000fe700000, 0x00000000fe700000| Untracked 
|  40|0x00000000fe800000, 0x00000000fe800000, 0x00000000fe900000|  0%| F|  |TAMS 0x00000000fe800000, 0x00000000fe800000| Untracked 
|  41|0x00000000fe900000, 0x00000000fe900000, 0x00000000fea00000|  0%| F|  |TAMS 0x00000000fe900000, 0x00000000fe900000| Untracked 
|  42|0x00000000fea00000, 0x00000000fea00000, 0x00000000feb00000|  0%| F|  |TAMS 0x00000000fea00000, 0x00000000fea00000| Untracked 
|  43|0x00000000feb00000, 0x00000000feb00000, 0x00000000fec00000|  0%| F|  |TAMS 0x00000000feb00000, 0x00000000feb00000| Untracked 
|  44|0x00000000fec00000, 0x00000000fec00000, 0x00000000fed00000|  0%| F|  |TAMS 0x00000000fec00000, 0x00000000fec00000| Untracked 
|  45|0x00000000fed00000, 0x00000000fed00000, 0x00000000fee00000|  0%| F|  |TAMS 0x00000000fed00000, 0x00000000fed00000| Untracked 
|  46|0x00000000fee00000, 0x00000000fee00000, 0x00000000fef00000|  0%| F|  |TAMS 0x00000000fee00000, 0x00000000fee00000| Untracked 
|  47|0x00000000fef00000, 0x00000000fef00000, 0x00000000ff000000|  0%| F|  |TAMS 0x00000000fef00000, 0x00000000fef00000| Untracked 
|  48|0x00000000ff000000, 0x00000000ff000000, 0x00000000ff100000|  0%| F|  |TAMS 0x00000000ff000000, 0x00000000ff000000| Untracked 
|  49|0x00000000ff100000, 0x00000000ff100000, 0x00000000ff200000|  0%| F|  |TAMS 0x00000000ff100000, 0x00000000ff100000| Untracked 
|  50|0x00000000ff200000, 0x00000000ff200000, 0x00000000ff300000|  0%| F|  |TAMS 0x00000000ff200000, 0x00000000ff200000| Untracked 
|  51|0x00000000ff300000, 0x00000000ff300000, 0x00000000ff400000|  0%| F|  |TAMS 0x00000000ff300000, 0x00000000ff300000| Untracked 
|  52|0x00000000ff400000, 0x00000000ff400000, 0x00000000ff500000|  0%| F|  |TAMS 0x00000000ff400000, 0x00000000ff400000| Untracked 
|  53|0x00000000ff500000, 0x00000000ff500000, 0x00000000ff600000|  0%| F|  |TAMS 0x00000000ff500000, 0x00000000ff500000| Untracked 
|  54|0x00000000ff600000, 0x00000000ff600000, 0x00000000ff700000|  0%| F|  |TAMS 0x00000000ff600000, 0x00000000ff600000| Untracked 
|  55|0x00000000ff700000, 0x00000000ff700000, 0x00000000ff800000|  0%| F|  |TAMS 0x00000000ff700000, 0x00000000ff700000| Untracked 
|  56|0x00000000ff800000, 0x00000000ff800000, 0x00000000ff900000|  0%| F|  |TAMS 0x00000000ff800000, 0x00000000ff800000| Untracked 
|  57|0x00000000ff900000, 0x00000000ff900000, 0x00000000ffa00000|  0%| F|  |TAMS 0x00000000ff900000, 0x00000000ff900000| Untracked 
|  58|0x00000000ffa00000, 0x00000000ffa00000, 0x00000000ffb00000|  0%| F|  |TAMS 0x00000000ffa00000, 0x00000000ffa00000| Untracked 
|  59|0x00000000ffb00000, 0x00000000ffb00000, 0x00000000ffc00000|  0%| F|  |TAMS 0x00000000ffb00000, 0x00000000ffb00000| Untracked 
|  60|0x00000000ffc00000, 0x00000000ffc00000, 0x00000000ffd00000|  0%| F|  |TAMS 0x00000000ffc00000, 0x00000000ffc00000| Untracked 
|  61|0x00000000ffd00000, 0x00000000ffd00000, 0x00000000ffe00000|  0%| F|  |TAMS 0x00000000ffd00000, 0x00000000ffd00000| Untracked 
|  62|0x00000000ffe00000, 0x00000000fff00000, 0x00000000fff00000|100%| E|  |TAMS 0x00000000ffe00000, 0x00000000ffe00000| Complete 
|  63|0x00000000fff00000, 0x0000000100000000, 0x0000000100000000|100%| E|CS|TAMS 0x00000000fff00000, 0x00000000fff00000| Complete 

Card table byte_map: [0x000001c2be880000,0x000001c2be8a0000] _byte_map_base: 0x000001c2be0a0000

Marking Bits (Prev, Next): (CMBitMap*) 0x000001c2c064aa90, (CMBitMap*) 0x000001c2c064aad0
 Prev Bits: [0x000001c2d79f0000, 0x000001c2d7af0000)
 Next Bits: [0x000001c2d7af0000, 0x000001c2d7bf0000)

Polling page: 0x000001c2be490000

Metaspace:

Usage:
  Non-class:      5.75 MB used.
      Class:    547.75 KB used.
       Both:      6.29 MB used.

Virtual space:
  Non-class space:       64.00 MB reserved,       5.81 MB (  9%) committed,  1 nodes.
      Class space:        1.00 GB reserved,     576.00 KB ( <1%) committed,  1 nodes.
             Both:        1.06 GB reserved,       6.38 MB ( <1%) committed. 

Chunk freelists:
   Non-Class:  10.17 MB
       Class:  15.25 MB
        Both:  25.42 MB

MaxMetaspaceSize: unlimited
CompressedClassSpaceSize: 1.00 GB
Initial GC threshold: 21.00 MB
Current GC threshold: 21.00 MB
CDS: off
MetaspaceReclaimPolicy: balanced
 - commit_granule_bytes: 65536.
 - commit_granule_words: 8192.
 - virtual_space_node_default_size: 8388608.
 - enlarge_chunks_in_place: 1.
 - new_chunks_are_fully_committed: 0.
 - uncommit_free_chunks: 1.
 - use_allocation_guard: 0.
 - handle_deallocations: 1.


Internal statistics:

num_allocs_failed_limit: 0.
num_arena_births: 6.
num_arena_deaths: 0.
num_vsnodes_births: 2.
num_vsnodes_deaths: 0.
num_space_committed: 102.
num_space_uncommitted: 0.
num_chunks_returned_to_freelist: 0.
num_chunks_taken_from_freelist: 26.
num_chunk_merges: 0.
num_chunk_splits: 11.
num_chunks_enlarged: 5.
num_inconsistent_stats: 0.

CodeHeap 'non-profiled nmethods': size=119168Kb used=48Kb max_used=48Kb free=119119Kb
 bounds [0x000001c2cfd10000, 0x000001c2cff80000, 0x000001c2d7170000]
CodeHeap 'profiled nmethods': size=119104Kb used=212Kb max_used=212Kb free=118892Kb
 bounds [0x000001c2c8170000, 0x000001c2c83e0000, 0x000001c2cf5c0000]
CodeHeap 'non-nmethods': size=7488Kb used=1663Kb max_used=1677Kb free=5824Kb
 bounds [0x000001c2cf5c0000, 0x000001c2cf830000, 0x000001c2cfd10000]
 total_blobs=550 nmethods=175 adapters=287
 compilation: enabled
              stopped_count=0, restarted_count=0
 full_count=0

Compilation events (20 events):
Event: 0.213 Thread 0x000001c2dabba7b0 nmethod 165 0x000001c2c81a3190 code [0x000001c2c81a3320, 0x000001c2c81a34d8]
Event: 0.213 Thread 0x000001c2dabba7b0  166       1       java.lang.Enum::name (5 bytes)
Event: 0.213 Thread 0x000001c2dabba7b0 nmethod 166 0x000001c2cfd1ac90 code [0x000001c2cfd1ae20, 0x000001c2cfd1aef8]
Event: 0.213 Thread 0x000001c2dabba7b0  167       3       java.lang.CharacterDataLatin1::toUpperCaseEx (71 bytes)
Event: 0.214 Thread 0x000001c2dabb8da0  168       4       java.lang.CharacterDataLatin1::getProperties (11 bytes)
Event: 0.214 Thread 0x000001c2dabba7b0 nmethod 167 0x000001c2c81a3590 code [0x000001c2c81a3740, 0x000001c2c81a39f8]
Event: 0.214 Thread 0x000001c2dabba7b0  169       3       java.util.concurrent.ConcurrentHashMap::put (8 bytes)
Event: 0.214 Thread 0x000001c2dad3ae00  170       1       sun.util.locale.BaseLocale::getLanguage (5 bytes)
Event: 0.214 Thread 0x000001c2dabba7b0 nmethod 169 0x000001c2c81a3b10 code [0x000001c2c81a3ca0, 0x000001c2c81a3de8]
Event: 0.214 Thread 0x000001c2dad3ae00 nmethod 170 0x000001c2cfd1af90 code [0x000001c2cfd1b120, 0x000001c2cfd1b1f8]
Event: 0.214 Thread 0x000001c2dabb8da0 nmethod 168 0x000001c2cfd1b290 code [0x000001c2cfd1b400, 0x000001c2cfd1b498]
Event: 0.214 Thread 0x000001c2dabb8da0  171       4       java.util.concurrent.ConcurrentHashMap::casTabAt (21 bytes)
Event: 0.214 Thread 0x000001c2dabba7b0  172       1       sun.security.util.KnownOIDs::registerNames (2 bytes)
Event: 0.214 Thread 0x000001c2dabba7b0 nmethod 172 0x000001c2cfd1b590 code [0x000001c2cfd1b720, 0x000001c2cfd1b7f8]
Event: 0.214 Thread 0x000001c2dabba7b0  173       3       java.lang.StringLatin1::toUpperCase (186 bytes)
Event: 0.215 Thread 0x000001c2dabba7b0 nmethod 173 0x000001c2c81a3e90 code [0x000001c2c81a4100, 0x000001c2c81a4bf8]
Event: 0.215 Thread 0x000001c2dabba7b0  176       3       java.lang.String::toUpperCase (29 bytes)
Event: 0.215 Thread 0x000001c2dad3ae00  177       3       java.util.Objects::nonNull (10 bytes)
Event: 0.215 Thread 0x000001c2dabb8da0 nmethod 171 0x000001c2cfd1bc90 code [0x000001c2cfd1be00, 0x000001c2cfd1bf38]
Event: 0.215 Thread 0x000001c2dabb8da0  174       4       jdk.internal.misc.Unsafe::putReferenceRelease (9 bytes)

GC Heap History (0 events):
No events

Dll operation events (6 events):
Event: 0.008 Loaded shared library C:\Program Files\Microsoft\jdk-17.0.15.6-hotspot\bin\java.dll
Event: 0.050 Loaded shared library C:\Program Files\Microsoft\jdk-17.0.15.6-hotspot\bin\jsvml.dll
Event: 0.132 Loaded shared library C:\Program Files\Microsoft\jdk-17.0.15.6-hotspot\bin\net.dll
Event: 0.134 Loaded shared library C:\Program Files\Microsoft\jdk-17.0.15.6-hotspot\bin\nio.dll
Event: 0.146 Loaded shared library C:\Program Files\Microsoft\jdk-17.0.15.6-hotspot\bin\zip.dll
Event: 0.157 Loaded shared library C:\Program Files\Microsoft\jdk-17.0.15.6-hotspot\bin\verify.dll

Deoptimization events (0 events):
No events

Classes loaded (20 events):
Event: 0.212 Loading class sun/security/util/KnownOIDs$1
Event: 0.212 Loading class sun/security/util/KnownOIDs$1 done
Event: 0.212 Loading class sun/security/util/KnownOIDs$2
Event: 0.212 Loading class sun/security/util/KnownOIDs$2 done
Event: 0.213 Loading class sun/security/util/KnownOIDs$3
Event: 0.213 Loading class sun/security/util/KnownOIDs$3 done
Event: 0.213 Loading class sun/security/util/KnownOIDs$4
Event: 0.213 Loading class sun/security/util/KnownOIDs$4 done
Event: 0.213 Loading class sun/security/util/KnownOIDs$5
Event: 0.213 Loading class sun/security/util/KnownOIDs$5 done
Event: 0.213 Loading class sun/security/util/KnownOIDs$6
Event: 0.213 Loading class sun/security/util/KnownOIDs$6 done
Event: 0.213 Loading class sun/security/util/KnownOIDs$7
Event: 0.213 Loading class sun/security/util/KnownOIDs$7 done
Event: 0.213 Loading class sun/security/util/KnownOIDs$8
Event: 0.213 Loading class sun/security/util/KnownOIDs$8 done
Event: 0.213 Loading class sun/security/util/KnownOIDs$9
Event: 0.213 Loading class sun/security/util/KnownOIDs$9 done
Event: 0.213 Loading class sun/security/util/KnownOIDs$10
Event: 0.213 Loading class sun/security/util/KnownOIDs$10 done

Classes unloaded (0 events):
No events

Classes redefined (0 events):
No events

Internal exceptions (0 events):
No events

VM Operations (2 events):
Event: 0.148 Executing VM operation: HandshakeAllThreads
Event: 0.148 Executing VM operation: HandshakeAllThreads done

Memory protections (0 events):
No events

Nmethod flushes (0 events):
No events

Events (13 events):
Event: 0.051 Thread 0x000001c2c0627060 Thread added: 0x000001c2c0627060
Event: 0.064 Thread 0x000001c2c0627060 Thread added: 0x000001c2dab7d660
Event: 0.064 Thread 0x000001c2c0627060 Thread added: 0x000001c2dab80da0
Event: 0.086 Thread 0x000001c2c0627060 Thread added: 0x000001c2dabe2130
Event: 0.086 Thread 0x000001c2c0627060 Thread added: 0x000001c2dabe2af0
Event: 0.086 Thread 0x000001c2c0627060 Thread added: 0x000001c2dabe34b0
Event: 0.086 Thread 0x000001c2c0627060 Thread added: 0x000001c2dabb6a10
Event: 0.087 Thread 0x000001c2c0627060 Thread added: 0x000001c2dabb8da0
Event: 0.087 Thread 0x000001c2c0627060 Thread added: 0x000001c2dabba7b0
Event: 0.087 Thread 0x000001c2c0627060 Thread added: 0x000001c2dabbfa40
Event: 0.115 Thread 0x000001c2dabba7b0 Thread added: 0x000001c2dad3ae00
Event: 0.118 Thread 0x000001c2c0627060 Thread added: 0x000001c2dad47d80
Event: 0.123 Thread 0x000001c2c0627060 Thread added: 0x000001c2dad5ca00


Dynamic libraries:
0x00007ff615600000 - 0x00007ff61560e000 	C:\Program Files\Microsoft\jdk-17.0.15.6-hotspot\bin\java.exe
0x00007ffec3cc0000 - 0x00007ffec3f27000 	C:\WINDOWS\SYSTEM32\ntdll.dll
0x00007ffec35d0000 - 0x00007ffec3699000 	C:\WINDOWS\System32\KERNEL32.DLL
0x00007ffec1650000 - 0x00007ffec1a40000 	C:\WINDOWS\System32\KERNELBASE.dll
0x00007ffec0f70000 - 0x00007ffec10bb000 	C:\WINDOWS\System32\ucrtbase.dll
0x00007ffe2f3a0000 - 0x00007ffe2f3b7000 	C:\Program Files\Microsoft\jdk-17.0.15.6-hotspot\bin\jli.dll
0x00007ffe3a520000 - 0x00007ffe3a53d000 	C:\Program Files\Microsoft\jdk-17.0.15.6-hotspot\bin\VCRUNTIME140.dll
0x00007ffec2fb0000 - 0x00007ffec3175000 	C:\WINDOWS\System32\USER32.dll
0x00007ffec0f40000 - 0x00007ffec0f67000 	C:\WINDOWS\System32\win32u.dll
0x00007ffec1be0000 - 0x00007ffec1c0b000 	C:\WINDOWS\System32\GDI32.dll
0x00007ffec10c0000 - 0x00007ffec11f8000 	C:\WINDOWS\System32\gdi32full.dll
0x00007ffec0df0000 - 0x00007ffec0e93000 	C:\WINDOWS\System32\msvcp_win.dll
0x00007ffea2ea0000 - 0x00007ffea313a000 	C:\WINDOWS\WinSxS\amd64_microsoft.windows.common-controls_6595b64144ccf1df_6.0.26100.4768_none_3e0c112ce331287c\COMCTL32.dll
0x00007ffec3a90000 - 0x00007ffec3b39000 	C:\WINDOWS\System32\msvcrt.dll
0x00007ffec2f70000 - 0x00007ffec2f9f000 	C:\WINDOWS\System32\IMM32.DLL
0x00007ffe70e30000 - 0x00007ffe70e3c000 	C:\Program Files\Microsoft\jdk-17.0.15.6-hotspot\bin\vcruntime140_1.dll
0x00007ffe11c10000 - 0x00007ffe11c9d000 	C:\Program Files\Microsoft\jdk-17.0.15.6-hotspot\bin\msvcp140.dll
0x00007ffe0fe30000 - 0x00007ffe10aa2000 	C:\Program Files\Microsoft\jdk-17.0.15.6-hotspot\bin\server\jvm.dll
0x00007ffec3710000 - 0x00007ffec37c4000 	C:\WINDOWS\System32\ADVAPI32.dll
0x00007ffec1c90000 - 0x00007ffec1d36000 	C:\WINDOWS\System32\sechost.dll
0x00007ffec3970000 - 0x00007ffec3a88000 	C:\WINDOWS\System32\RPCRT4.dll
0x00007ffec1c10000 - 0x00007ffec1c84000 	C:\WINDOWS\System32\WS2_32.dll
0x00007ffeb6020000 - 0x00007ffeb6055000 	C:\WINDOWS\SYSTEM32\WINMM.dll
0x00007ffea7850000 - 0x00007ffea785b000 	C:\WINDOWS\SYSTEM32\VERSION.dll
0x00007ffec0c50000 - 0x00007ffec0cae000 	C:\WINDOWS\SYSTEM32\POWRPROF.dll
0x00007ffec0c20000 - 0x00007ffec0c34000 	C:\WINDOWS\SYSTEM32\UMPDC.dll
0x00007ffebfb70000 - 0x00007ffebfb8b000 	C:\WINDOWS\SYSTEM32\kernel.appcore.dll
0x00007ffe70bf0000 - 0x00007ffe70bfa000 	C:\Program Files\Microsoft\jdk-17.0.15.6-hotspot\bin\jimage.dll
0x00007ffebe2f0000 - 0x00007ffebe531000 	C:\WINDOWS\SYSTEM32\DBGHELP.DLL
0x00007ffec3210000 - 0x00007ffec3595000 	C:\WINDOWS\System32\combase.dll
0x00007ffec2480000 - 0x00007ffec2560000 	C:\WINDOWS\System32\OLEAUT32.dll
0x00007ffeac790000 - 0x00007ffeac7d3000 	C:\WINDOWS\SYSTEM32\dbgcore.DLL
0x00007ffec0ea0000 - 0x00007ffec0f39000 	C:\WINDOWS\System32\bcryptPrimitives.dll
0x00007ffe1ec30000 - 0x00007ffe1ec55000 	C:\Program Files\Microsoft\jdk-17.0.15.6-hotspot\bin\java.dll
0x00007ffe116a0000 - 0x00007ffe11776000 	C:\Program Files\Microsoft\jdk-17.0.15.6-hotspot\bin\jsvml.dll
0x00007ffec2760000 - 0x00007ffec2ead000 	C:\WINDOWS\System32\SHELL32.dll
0x00007ffec1410000 - 0x00007ffec1583000 	C:\WINDOWS\System32\wintypes.dll
0x00007ffebe9b0000 - 0x00007ffebf210000 	C:\WINDOWS\SYSTEM32\windows.storage.dll
0x00007ffec3850000 - 0x00007ffec3945000 	C:\WINDOWS\System32\SHCORE.dll
0x00007ffec2f00000 - 0x00007ffec2f6a000 	C:\WINDOWS\System32\shlwapi.dll
0x00007ffec0d10000 - 0x00007ffec0d39000 	C:\WINDOWS\SYSTEM32\profapi.dll
0x00007ffe241e0000 - 0x00007ffe241fa000 	C:\Program Files\Microsoft\jdk-17.0.15.6-hotspot\bin\net.dll
0x00007ffeaf290000 - 0x00007ffeaf3ae000 	C:\WINDOWS\SYSTEM32\WINHTTP.dll
0x00007ffec0100000 - 0x00007ffec016b000 	C:\WINDOWS\system32\mswsock.dll
0x00007ffe1e990000 - 0x00007ffe1e9a6000 	C:\Program Files\Microsoft\jdk-17.0.15.6-hotspot\bin\nio.dll
0x00007ffe11bf0000 - 0x00007ffe11c08000 	C:\Program Files\Microsoft\jdk-17.0.15.6-hotspot\bin\zip.dll
0x00007ffe70b60000 - 0x00007ffe70b70000 	C:\Program Files\Microsoft\jdk-17.0.15.6-hotspot\bin\verify.dll

dbghelp: loaded successfully - version: 4.0.5 - missing functions: none
symbol engine: initialized successfully - sym options: 0x614 - pdb path: .;C:\Program Files\Microsoft\jdk-17.0.15.6-hotspot\bin;C:\WINDOWS\SYSTEM32;C:\WINDOWS\WinSxS\amd64_microsoft.windows.common-controls_6595b64144ccf1df_6.0.26100.4768_none_3e0c112ce331287c;C:\Program Files\Microsoft\jdk-17.0.15.6-hotspot\bin\server

VM Arguments:
jvm_args: -Xmx64m -Xms64m -Dorg.gradle.appname=gradlew 
java_command: C:\Users\devan\Desktop\ClassStore\ClassStoreApp\android\\gradle\wrapper\gradle-wrapper.jar clean
java_class_path (initial): C:\Users\devan\Desktop\ClassStore\ClassStoreApp\android\\gradle\wrapper\gradle-wrapper.jar
Launcher Type: SUN_STANDARD

[Global flags]
     intx CICompilerCount                          = 12                                        {product} {ergonomic}
     uint ConcGCThreads                            = 3                                         {product} {ergonomic}
     uint G1ConcRefinementThreads                  = 13                                        {product} {ergonomic}
   size_t G1HeapRegionSize                         = 1048576                                   {product} {ergonomic}
    uintx GCDrainStackTargetSize                   = 64                                        {product} {ergonomic}
   size_t InitialHeapSize                          = 67108864                                  {product} {command line}
   size_t MarkStackSize                            = 4194304                                   {product} {ergonomic}
   size_t MaxHeapSize                              = 67108864                                  {product} {command line}
   size_t MaxNewSize                               = 39845888                                  {product} {ergonomic}
   size_t MinHeapDeltaBytes                        = 1048576                                   {product} {ergonomic}
   size_t MinHeapSize                              = 67108864                                  {product} {command line}
    uintx NonNMethodCodeHeapSize                   = 7602480                                {pd product} {ergonomic}
    uintx NonProfiledCodeHeapSize                  = 122027880                              {pd product} {ergonomic}
    uintx ProfiledCodeHeapSize                     = 122027880                              {pd product} {ergonomic}
    uintx ReservedCodeCacheSize                    = 251658240                              {pd product} {ergonomic}
     bool SegmentedCodeCache                       = true                                      {product} {ergonomic}
   size_t SoftMaxHeapSize                          = 67108864                               {manageable} {ergonomic}
     bool UseCompressedClassPointers               = true                           {product lp64_product} {ergonomic}
     bool UseCompressedOops                        = true                           {product lp64_product} {ergonomic}
     bool UseG1GC                                  = true                                      {product} {ergonomic}
     bool UseLargePagesIndividualAllocation        = false                                  {pd product} {ergonomic}

Logging:
Log output configuration:
 #0: stdout all=warning uptime,level,tags
 #1: stderr all=off uptime,level,tags

Environment Variables:
JAVA_HOME=C:\Program Files\Microsoft\jdk-17.0.15.6-hotspot\
PATH=C:\Program Files\Microsoft\jdk-17.0.15.6-hotspot\bin;C:\Python312\Scripts\;C:\Python312\;C:\Python311\Scripts\;C:\Python311\;C:\WINDOWS\system32;C:\WINDOWS;C:\WINDOWS\System32\Wbem;C:\WINDOWS\System32\WindowsPowerShell\v1.0\;C:\WINDOWS\System32\OpenSSH\;C:\Program Files\dotnet\;C:\MinGW\bin;C:\ProgramData\chocolatey\bin;C:\Program Files\Git\cmd;C:\Program Files\MySQL\MySQL Server 8.0\bin;C:\Users\devan\Desktop\openlogic-openjdk-11.0.27+6-windows-x64\bin;C:\Users\devan\AppData\Local\Android\Sdk;C:\Users\devan\AppData\Local\Android\Sdk\platform-tools;C:\Program Files\nodejs\;C:\Users\devan\AppData\Local\Android\Sdk\tools;C:\Program Files\MySQL\MySQL Shell 8.0\bin\;C:\Users\devan\AppData\Local\Microsoft\WindowsApps;C:\Users\devan\AppData\Local\GitHubDesktop\bin;C:\Users\devan\AppData\Local\Programs\Microsoft VS Code\bin;C:\Users\devan\Desktop\mongosh-2.4.2-win32-x64\bin;C:\Users\devan\AppData\Local\Android\Sdk;C:\Users\devan\AppData\Local\Android\Sdk\platform-tools;C:\Users\devan\AppData\Local\Android\Sdk\emulator;C:\Users\devan\AppData\Local\Android\Sdk\cmdline-tools;C:\Users\devan\AppData\Local\Android\Sdk\cmdline-tools\latest\bin;C:\Users\devan\AppData\Roaming\npm;
USERNAME=devan
OS=Windows_NT
PROCESSOR_IDENTIFIER=Intel64 Family 6 Model 154 Stepping 3, GenuineIntel
TMP=C:\Users\devan\AppData\Local\Temp
TEMP=C:\Users\devan\AppData\Local\Temp



Periodic native trim disabled


---------------  S Y S T E M  ---------------

OS:
 Windows 11 , 64 bit Build 26100 (10.0.26100.4768)
OS uptime: 0 days 20:02 hours
Hyper-V role detected

CPU: total 16 (initial active 16) (8 cores per cpu, 2 threads per core) family 6 model 154 stepping 3 microcode 0x437, cx8, cmov, fxsr, ht, mmx, 3dnowpref, sse, sse2, sse3, ssse3, sse4.1, sse4.2, popcnt, lzcnt, tsc, tscinvbit, avx, avx2, aes, erms, clmul, bmi1, bmi2, adx, sha, fma, vzeroupper, clflush, clflushopt, clwb, hv
Processor Information for processor 0
  Max Mhz: 1700, Current Mhz: 1700, Mhz Limit: 1700
Processor Information for processor 1
  Max Mhz: 1700, Current Mhz: 1700, Mhz Limit: 1700
Processor Information for processor 2
  Max Mhz: 1700, Current Mhz: 1700, Mhz Limit: 1700
Processor Information for processor 3
  Max Mhz: 1700, Current Mhz: 1700, Mhz Limit: 1700
Processor Information for processor 4
  Max Mhz: 1700, Current Mhz: 1700, Mhz Limit: 1700
Processor Information for processor 5
  Max Mhz: 1700, Current Mhz: 1700, Mhz Limit: 1700
Processor Information for processor 6
  Max Mhz: 1700, Current Mhz: 1700, Mhz Limit: 1700
Processor Information for processor 7
  Max Mhz: 1700, Current Mhz: 1700, Mhz Limit: 1700
Processor Information for processor 8
  Max Mhz: 1700, Current Mhz: 1700, Mhz Limit: 1700
Processor Information for processor 9
  Max Mhz: 1700, Current Mhz: 1558, Mhz Limit: 1700
Processor Information for processor 10
  Max Mhz: 1700, Current Mhz: 1700, Mhz Limit: 1700
Processor Information for processor 11
  Max Mhz: 1700, Current Mhz: 1700, Mhz Limit: 1700
Processor Information for processor 12
  Max Mhz: 1700, Current Mhz: 1558, Mhz Limit: 1700
Processor Information for processor 13
  Max Mhz: 1700, Current Mhz: 1700, Mhz Limit: 1700
Processor Information for processor 14
  Max Mhz: 1700, Current Mhz: 1558, Mhz Limit: 1700
Processor Information for processor 15
  Max Mhz: 1700, Current Mhz: 1700, Mhz Limit: 1700

Memory: 4k page, system-wide physical 16068M (2192M free)
TotalPageFile size 38342M (AvailPageFile size 1M)
current process WorkingSet (physical memory assigned to process): 34M, peak: 34M
current process commit charge ("private bytes"): 149M, peak: 149M

vm_info: OpenJDK 64-Bit Server VM (17.0.15+6-LTS) for windows-amd64 JRE (17.0.15+6-LTS), built on Apr  9 2025 22:27:25 by "MicrosoftCorporation" with unknown MS VC++:1939

END.
