#
# There is insufficient memory for the Java Runtime Environment to continue.
# Native memory allocation (malloc) failed to allocate 1048576 bytes. Error detail: AllocateHeap
# Possible reasons:
#   The system is out of physical RAM or swap space
#   This process is running with CompressedOops enabled, and the Java Heap may be blocking the growth of the native heap
# Possible solutions:
#   Reduce memory load on the system
#   Increase physical memory or swap space
#   Check if swap backing store is full
#   Decrease Java heap size (-Xmx/-Xms)
#   Decrease number of Java threads
#   Decrease Java thread stack sizes (-Xss)
#   Set larger code cache with -XX:ReservedCodeCacheSize=
#   JVM is running with Unscaled Compressed Oops mode in which the Java heap is
#     placed in the first 4GB address space. The Java Heap base address is the
#     maximum limit for the native heap growth. Please use -XX:HeapBaseMinAddress
#     to set the Java Heap base and to place the Java Heap above 4GB virtual address.
# This output file may be truncated or incomplete.
#
#  Out of Memory Error (allocation.cpp:44), pid=21428, tid=30396
#
# JRE version:  (17.0.15+6) (build )
# Java VM: OpenJDK 64-Bit Server VM (17.0.15+6-LTS, mixed mode, sharing, tiered, compressed oops, compressed class ptrs, g1 gc, windows-amd64)
# No core dump will be written. Minidumps are not enabled by default on client versions of Windows
#

---------------  S U M M A R Y ------------

Command Line: -Xmx64m -Xms64m -Dorg.gradle.appname=gradlew C:\Users\devan\Desktop\ClassStoreTemplate\android\\gradle\wrapper\gradle-wrapper.jar app:installDebug -PreactNativeDevServerPort=8081

Host: 12th Gen Intel(R) Core(TM) i5-1240P, 16 cores, 15G,  Windows 11 , 64 bit Build 26100 (10.0.26100.4768)
Time: Tue Aug 26 15:46:11 2025 India Standard Time elapsed time: 1.176237 seconds (0d 0h 0m 1s)

---------------  T H R E A D  ---------------

Current thread (0x000002e38663e9c0):  JavaThread "Unknown thread" [_thread_in_vm, id=30396, stack(0x000000fff9600000,0x000000fff9700000)]

Stack: [0x000000fff9600000,0x000000fff9700000]
Native frames: (J=compiled Java code, j=interpreted, Vv=VM code, C=native code)
V  [jvm.dll+0x6887a9]
V  [jvm.dll+0x83f5a8]
V  [jvm.dll+0x841053]
V  [jvm.dll+0x8416c3]
V  [jvm.dll+0x2496ef]
V  [jvm.dll+0xa7813]
V  [jvm.dll+0x2eb722]
V  [jvm.dll+0x2e325b]
V  [jvm.dll+0x8114db]
V  [jvm.dll+0x370d21]
V  [jvm.dll+0x7f011f]
V  [jvm.dll+0x3f781e]
V  [jvm.dll+0x3f9351]
C  [jli.dll+0x52a0]
C  [ucrtbase.dll+0x37b0]
C  [KERNEL32.DLL+0x2e8d7]
C  [ntdll.dll+0x3c34c]


---------------  P R O C E S S  ---------------

Threads class SMR info:
_java_thread_list=0x00007ffe251aefd8, length=0, elements={
}

Java Threads: ( => current thread )

Other Threads:
  0x000002e38673cf60 GCTaskThread "GC Thread#0" [stack: 0x000000fff9700000,0x000000fff9800000] [id=23396]

[error occurred during error reporting (printing all threads), id 0xc0000005, EXCEPTION_ACCESS_VIOLATION (0xc0000005) at pc=0x00007ffe24960440]

VM state: not at safepoint (not fully initialized)

VM Mutex/Monitor currently owned by a thread:  ([mutex/lock_event])
[0x000002e38663dc00] Heap_lock - owner thread: 0x000002e38663e9c0

Heap address: 0x00000000fc000000, size: 64 MB, Compressed Oops mode: 32-bit

CDS archive(s) mapped at: [0x0000000000000000-0x0000000000000000-0x0000000000000000), size 0, SharedBaseAddress: 0x0000000800000000, ArchiveRelocationMode: 1.
Narrow klass base: 0x0000000000000000, Narrow klass shift: 0, Narrow klass range: 0x0

GC Precious Log:
<Empty>

Heap:
 garbage-first heap   total 0K, used 0K [0x00000000fc000000, 0x0000000100000000)
  region size 1024K, 0 young (0K), 0 survivors (0K)

[error occurred during error reporting (printing heap information), id 0xc0000005, EXCEPTION_ACCESS_VIOLATION (0xc0000005) at pc=0x00007ffe24d52339]

GC Heap History (0 events):
No events

Dll operation events (1 events):
Event: 0.008 Loaded shared library C:\Program Files\Microsoft\jdk-17.0.15.6-hotspot\bin\java.dll

Deoptimization events (0 events):
No events

Classes loaded (0 events):
No events

Classes unloaded (0 events):
No events

Classes redefined (0 events):
No events

Internal exceptions (0 events):
No events

VM Operations (0 events):
No events

Memory protections (0 events):
No events

Nmethod flushes (0 events):
No events

Events (0 events):
No events


Dynamic libraries:
0x00007ff6470b0000 - 0x00007ff6470be000 	C:\Program Files\Microsoft\jdk-17.0.15.6-hotspot\bin\java.exe
0x00007fff15e80000 - 0x00007fff160e7000 	C:\WINDOWS\SYSTEM32\ntdll.dll
0x00007fff14940000 - 0x00007fff14a09000 	C:\WINDOWS\System32\KERNEL32.DLL
0x00007fff12fb0000 - 0x00007fff133a0000 	C:\WINDOWS\System32\KERNELBASE.dll
0x00007fff13ac0000 - 0x00007fff13c0b000 	C:\WINDOWS\System32\ucrtbase.dll
0x00007ffebc320000 - 0x00007ffebc337000 	C:\Program Files\Microsoft\jdk-17.0.15.6-hotspot\bin\jli.dll
0x00007ffebc2a0000 - 0x00007ffebc2bd000 	C:\Program Files\Microsoft\jdk-17.0.15.6-hotspot\bin\VCRUNTIME140.dll
0x00007fff15b30000 - 0x00007fff15cf5000 	C:\WINDOWS\System32\USER32.dll
0x00007fff13510000 - 0x00007fff13537000 	C:\WINDOWS\System32\win32u.dll
0x00007fff121a0000 - 0x00007fff1243a000 	C:\WINDOWS\WinSxS\amd64_microsoft.windows.common-controls_6595b64144ccf1df_6.0.26100.4768_none_3e0c112ce331287c\COMCTL32.dll
0x00007fff15100000 - 0x00007fff1512b000 	C:\WINDOWS\System32\GDI32.dll
0x00007fff15d90000 - 0x00007fff15e39000 	C:\WINDOWS\System32\msvcrt.dll
0x00007fff13540000 - 0x00007fff13678000 	C:\WINDOWS\System32\gdi32full.dll
0x00007fff13890000 - 0x00007fff13933000 	C:\WINDOWS\System32\msvcp_win.dll
0x00007fff15af0000 - 0x00007fff15b1f000 	C:\WINDOWS\System32\IMM32.DLL
0x00007ffecd630000 - 0x00007ffecd63c000 	C:\Program Files\Microsoft\jdk-17.0.15.6-hotspot\bin\vcruntime140_1.dll
0x00007ffe8a650000 - 0x00007ffe8a6dd000 	C:\Program Files\Microsoft\jdk-17.0.15.6-hotspot\bin\msvcp140.dll
0x00007ffe24670000 - 0x00007ffe252e2000 	C:\Program Files\Microsoft\jdk-17.0.15.6-hotspot\bin\server\jvm.dll
0x00007fff13c10000 - 0x00007fff13cc4000 	C:\WINDOWS\System32\ADVAPI32.dll
0x00007fff14a10000 - 0x00007fff14ab6000 	C:\WINDOWS\System32\sechost.dll
0x00007fff14670000 - 0x00007fff14788000 	C:\WINDOWS\System32\RPCRT4.dll
0x00007fff14b40000 - 0x00007fff14bb4000 	C:\WINDOWS\System32\WS2_32.dll
0x00007fff06670000 - 0x00007fff066a5000 	C:\WINDOWS\SYSTEM32\WINMM.dll
0x00007fff06000000 - 0x00007fff0600b000 	C:\WINDOWS\SYSTEM32\VERSION.dll
0x00007fff12e10000 - 0x00007fff12e6e000 	C:\WINDOWS\SYSTEM32\POWRPROF.dll
0x00007fff12df0000 - 0x00007fff12e04000 	C:\WINDOWS\SYSTEM32\UMPDC.dll
0x00007fff11430000 - 0x00007fff1144b000 	C:\WINDOWS\SYSTEM32\kernel.appcore.dll
0x00007ffec2e10000 - 0x00007ffec2e1a000 	C:\Program Files\Microsoft\jdk-17.0.15.6-hotspot\bin\jimage.dll
0x00007fff12790000 - 0x00007fff129d1000 	C:\WINDOWS\SYSTEM32\DBGHELP.DLL
0x00007fff15570000 - 0x00007fff158f5000 	C:\WINDOWS\System32\combase.dll
0x00007fff13d20000 - 0x00007fff13e00000 	C:\WINDOWS\System32\OLEAUT32.dll
0x00007fff12650000 - 0x00007fff12693000 	C:\WINDOWS\SYSTEM32\dbgcore.DLL
0x00007fff133b0000 - 0x00007fff13449000 	C:\WINDOWS\System32\bcryptPrimitives.dll
0x00007ffe965e0000 - 0x00007ffe96605000 	C:\Program Files\Microsoft\jdk-17.0.15.6-hotspot\bin\java.dll

dbghelp: loaded successfully - version: 4.0.5 - missing functions: none
symbol engine: initialized successfully - sym options: 0x614 - pdb path: .;C:\Program Files\Microsoft\jdk-17.0.15.6-hotspot\bin;C:\WINDOWS\SYSTEM32;C:\WINDOWS\WinSxS\amd64_microsoft.windows.common-controls_6595b64144ccf1df_6.0.26100.4768_none_3e0c112ce331287c;C:\Program Files\Microsoft\jdk-17.0.15.6-hotspot\bin\server

VM Arguments:
jvm_args: -Xmx64m -Xms64m -Dorg.gradle.appname=gradlew 
java_command: C:\Users\devan\Desktop\ClassStoreTemplate\android\\gradle\wrapper\gradle-wrapper.jar app:installDebug -PreactNativeDevServerPort=8081
java_class_path (initial): C:\Users\devan\Desktop\ClassStoreTemplate\android\\gradle\wrapper\gradle-wrapper.jar
Launcher Type: SUN_STANDARD

[Global flags]
     intx CICompilerCount                          = 12                                        {product} {ergonomic}
     uint ConcGCThreads                            = 3                                         {product} {ergonomic}
     uint G1ConcRefinementThreads                  = 13                                        {product} {ergonomic}
   size_t G1HeapRegionSize                         = 1048576                                   {product} {ergonomic}
    uintx GCDrainStackTargetSize                   = 64                                        {product} {ergonomic}
   size_t InitialHeapSize                          = 67108864                                  {product} {command line}
   size_t MarkStackSize                            = 4194304                                   {product} {ergonomic}
   size_t MaxHeapSize                              = 67108864                                  {product} {command line}
   size_t MinHeapDeltaBytes                        = 1048576                                   {product} {ergonomic}
   size_t MinHeapSize                              = 67108864                                  {product} {command line}
    uintx NonNMethodCodeHeapSize                   = 7602480                                {pd product} {ergonomic}
    uintx NonProfiledCodeHeapSize                  = 122027880                              {pd product} {ergonomic}
    uintx ProfiledCodeHeapSize                     = 122027880                              {pd product} {ergonomic}
    uintx ReservedCodeCacheSize                    = 251658240                              {pd product} {ergonomic}
     bool SegmentedCodeCache                       = true                                      {product} {ergonomic}
   size_t SoftMaxHeapSize                          = 67108864                               {manageable} {ergonomic}
     bool UseCompressedClassPointers               = true                           {product lp64_product} {ergonomic}
     bool UseCompressedOops                        = true                           {product lp64_product} {ergonomic}
     bool UseG1GC                                  = true                                      {product} {ergonomic}
     bool UseLargePagesIndividualAllocation        = false                                  {pd product} {ergonomic}

Logging:
Log output configuration:
 #0: stdout all=warning uptime,level,tags
 #1: stderr all=off uptime,level,tags

Environment Variables:
JAVA_HOME=C:\Program Files\Microsoft\jdk-17.0.15.6-hotspot\
PATH=C:\Users\devan\Desktop\ClassStoreTemplate\node_modules\.bin;C:\Users\devan\Desktop\node_modules\.bin;C:\Users\devan\node_modules\.bin;C:\Users\node_modules\.bin;C:\node_modules\.bin;C:\Users\devan\AppData\Roaming\npm\node_modules\npm\node_modules\@npmcli\run-script\lib\node-gyp-bin;C:\Program Files\Microsoft\jdk-17.0.15.6-hotspot\bin;C:\Python312\Scripts\;C:\Python312\;C:\Python311\Scripts\;C:\Python311\;C:\WINDOWS\system32;C:\WINDOWS;C:\WINDOWS\System32\Wbem;C:\WINDOWS\System32\WindowsPowerShell\v1.0\;C:\WINDOWS\System32\OpenSSH\;C:\Program Files\dotnet\;C:\MinGW\bin;C:\ProgramData\chocolatey\bin;C:\Program Files\Git\cmd;C:\Program Files\MySQL\MySQL Server 8.0\bin;C:\Users\devan\Desktop\openlogic-openjdk-11.0.27+6-windows-x64\bin;C:\Users\devan\AppData\Local\Android\Sdk;C:\Users\devan\AppData\Local\Android\Sdk\platform-tools;C:\Program Files\nodejs\;C:\Users\devan\AppData\Local\Android\Sdk\tools;C:\Program Files\MySQL\MySQL Shell 8.0\bin\;C:\Users\devan\AppData\Local\Microsoft\WindowsApps;C:\Users\devan\AppData\Local\GitHubDesktop\bin;C:\Users\devan\AppData\Local\Programs\Microsoft VS Code\bin;C:\Users\devan\Desktop\mongosh-2.4.2-win32-x64\bin;C:\Users\devan\AppData\Local\Android\Sdk;C:\Users\devan\AppData\Local\Android\Sdk\platform-tools;C:\Users\devan\AppData\Local\Android\Sdk\emulator;C:\Users\devan\AppData\Local\Android\Sdk\cmdline-tools;C:\Users\devan\AppData\Local\Android\Sdk\cmdline-tools\latest\bin;C:\Users\devan\AppData\Roaming\npm;
USERNAME=devan
OS=Windows_NT
PROCESSOR_IDENTIFIER=Intel64 Family 6 Model 154 Stepping 3, GenuineIntel
TMP=C:\Users\devan\AppData\Local\Temp
TEMP=C:\Users\devan\AppData\Local\Temp



Periodic native trim disabled


---------------  S Y S T E M  ---------------

OS:
 Windows 11 , 64 bit Build 26100 (10.0.26100.4768)
OS uptime: 2 days 5:01 hours
Hyper-V role detected

CPU: total 16 (initial active 16) (8 cores per cpu, 2 threads per core) family 6 model 154 stepping 3 microcode 0x437, cx8, cmov, fxsr, ht, mmx, 3dnowpref, sse, sse2, sse3, ssse3, sse4.1, sse4.2, popcnt, lzcnt, tsc, tscinvbit, avx, avx2, aes, erms, clmul, bmi1, bmi2, adx, sha, fma, vzeroupper, clflush, clflushopt, clwb, hv
Processor Information for processor 0
  Max Mhz: 1700, Current Mhz: 1700, Mhz Limit: 1700
Processor Information for processor 1
  Max Mhz: 1700, Current Mhz: 1700, Mhz Limit: 1700
Processor Information for processor 2
  Max Mhz: 1700, Current Mhz: 1700, Mhz Limit: 1700
Processor Information for processor 3
  Max Mhz: 1700, Current Mhz: 1700, Mhz Limit: 1700
Processor Information for processor 4
  Max Mhz: 1700, Current Mhz: 1457, Mhz Limit: 1700
Processor Information for processor 5
  Max Mhz: 1700, Current Mhz: 1700, Mhz Limit: 1700
Processor Information for processor 6
  Max Mhz: 1700, Current Mhz: 1700, Mhz Limit: 1700
Processor Information for processor 7
  Max Mhz: 1700, Current Mhz: 1700, Mhz Limit: 1700
Processor Information for processor 8
  Max Mhz: 1700, Current Mhz: 1700, Mhz Limit: 1700
Processor Information for processor 9
  Max Mhz: 1700, Current Mhz: 1700, Mhz Limit: 1700
Processor Information for processor 10
  Max Mhz: 1700, Current Mhz: 1700, Mhz Limit: 1700
Processor Information for processor 11
  Max Mhz: 1700, Current Mhz: 1700, Mhz Limit: 1700
Processor Information for processor 12
  Max Mhz: 1700, Current Mhz: 1700, Mhz Limit: 1700
Processor Information for processor 13
  Max Mhz: 1700, Current Mhz: 1700, Mhz Limit: 1700
Processor Information for processor 14
  Max Mhz: 1700, Current Mhz: 1700, Mhz Limit: 1700
Processor Information for processor 15
  Max Mhz: 1700, Current Mhz: 1700, Mhz Limit: 1700

Memory: 4k page, system-wide physical 16068M (654M free)
TotalPageFile size 42734M (AvailPageFile size 22M)
current process WorkingSet (physical memory assigned to process): 12M, peak: 12M
current process commit charge ("private bytes"): 57M, peak: 58M

vm_info: OpenJDK 64-Bit Server VM (17.0.15+6-LTS) for windows-amd64 JRE (17.0.15+6-LTS), built on Apr  9 2025 22:27:25 by "MicrosoftCorporation" with unknown MS VC++:1939

END.
